<?xml version="1.0" encoding="UTF-8"?>
<!-- Generated by org.testng.reporters.JUnitReportReporter -->
<testsuite hostname="Pheliks-PC" name="org.mytests.tests.example.FriendTest" tests="1" failures="0" timestamp="5 Jan 2019 08:39:43 GMT" time="14.654" errors="0">
  <testcase name="loginAs" time="14.654" classname="org.mytests.tests.example.FriendTest"/>
</testsuite> <!-- org.mytests.tests.example.FriendTest -->
