<?xml version="1.0" encoding="UTF-8"?>
<!-- Generated by org.testng.reporters.JUnitReportReporter -->
<testsuite hostname="Pheliks-PC" name="org.mytests.tests.example.SimpleTest" tests="2" failures="0" timestamp="3 Jan 2019 17:19:45 GMT" time="14.833" errors="0">
  <testcase name="wrongLoginTest" time="3.201" classname="org.mytests.tests.example.SimpleTest"/>
  <testcase name="loginTest" time="11.632" classname="org.mytests.tests.example.SimpleTest"/>
</testsuite> <!-- org.mytests.tests.example.SimpleTest -->
