<?xml version="1.0" encoding="UTF-8"?>
<!-- Generated by org.testng.reporters.JUnitReportReporter -->
<testsuite hostname="Pheliks-PC" name="org.mytests.tests.example.FriendTest" tests="3" failures="0" timestamp="3 Jan 2019 16:28:35 GMT" time="15.097" errors="0">
  <testcase name="followAnybody" time="0.014" classname="org.mytests.tests.example.FriendTest"/>
  <testcase name="loginAs" time="8.920" classname="org.mytests.tests.example.FriendTest"/>
  <testcase name="chekUserPage" time="6.163" classname="org.mytests.tests.example.FriendTest"/>
</testsuite> <!-- org.mytests.tests.example.FriendTest -->
